<?xml version="1.0" encoding="UTF-8"?>
<!-- Generated by org.testng.reporters.JUnitXMLReporter -->
<testsuite ignored="0" hostname="Supriya-PC" failures="1" tests="3" name="Error validation Test" time="21.569" errors="0" timestamp="2025-03-10T16:26:08 IST">
  <testcase classname="test.ErrorValidationTest" name="loginValidation" time="1.251">
    <skipped/>
  </testcase> <!-- loginValidation -->
  <testcase classname="test.ErrorValidationTest" name="loginValidation" time="1.156">
    <failure type="java.lang.AssertionError" message="expected:&amp;lt;Incorrect email or password.&amp;gt; but was:&amp;lt;Incorrect email password.&amp;gt;">
      <![CDATA[java.lang.AssertionError: expected:<Incorrect email or password.> but was:<Incorrect email password.>
at test.ErrorValidationTest.loginValidation(ErrorValidationTest.java:26)
at java.base/java.util.ArrayList.forEach(ArrayList.java:1597)
at java.base/java.util.concurrent.FutureTask.run(FutureTask.java:317)
at java.base/java.util.concurrent.ThreadPoolExecutor.runWorker(ThreadPoolExecutor.java:1144)
at java.base/java.util.concurrent.ThreadPoolExecutor$Worker.run(ThreadPoolExecutor.java:642)
at java.base/java.lang.Thread.run(Thread.java:1575)
... Removed 17 stack frames]]>
    </failure>
  </testcase> <!-- loginValidation -->
  <testcase classname="test.ErrorValidationTest" name="productValidation" time="2.306"/>
</testsuite> <!-- Error validation Test -->
