<?xml version="1.0" encoding="UTF-8"?>
<!-- Generated by org.testng.reporters.JUnitXMLReporter -->
<testsuite ignored="0" hostname="Supriya-PC" failures="0" tests="3" name="Submit order Test" time="23.082" errors="0" timestamp="2025-03-10T16:26:09 IST">
  <testcase classname="test.SubmitOrderTest" name="submitOrder" time="3.64"/>
  <testcase classname="test.SubmitOrderTest" name="submitOrder" time="3.754"/>
  <testcase classname="test.SubmitOrderTest" name="verifyOrderHistory" time="1.049"/>
</testsuite> <!-- Submit order Test -->
