<?xml version="1.0" encoding="UTF-8"?>
<testsuite xmlns:xsi="http://www.w3.org/2001/XMLSchema-instance" xsi:noNamespaceSchemaLocation="https://maven.apache.org/surefire/maven-surefire-plugin/xsd/surefire-test-report.xsd" version="3.0.2" name="TestSuite" time="45.385" tests="6" errors="0" skipped="1" failures="1">
  <properties>
[...]
</properties>
  <testcase name="loginValidation" classname="test.ErrorValidationTest" time="1.075">
    <system-err><![CDATA[SLF4J(W): No SLF4J providers were found.
SLF4J(W): Defaulting to no-operation (NOP) logger implementation
SLF4J(W): See https://www.slf4j.org/codes.html#noProviders for further details.
Mar 11, 2025 4:12:05 PM org.openqa.selenium.devtools.CdpVersionFinder findNearestMatch
WARNING: Unable to find an exact match for CDP version 133, returning the closest version; found: 131; Please update to a Selenium version that supports CDP version 133
Mar 11, 2025 4:12:05 PM org.openqa.selenium.devtools.CdpVersionFinder findNearestMatch
WARNING: Unable to find an exact match for CDP version 133, returning the closest version; found: 131; Please update to a Selenium version that supports CDP version 133
]]></system-err>
  </testcase>
  <testcase name="productValidation" classname="test.ErrorValidationTest" time="3.051"/>
  <testcase name="submitOrder[{password=Welcome1@, product=ZARA COAT 3, email=supriya@test1.com}](1)" classname="test.SubmitOrderTest" time="0.0">
    <skipped message="element click intercepted: Element &lt;button _ngcontent-dnb-c33=&quot;&quot; routerlink=&quot;/dashboard/cart&quot; class=&quot;btn btn-custom&quot; style=&quot;margin-top: -10px;&quot; tabindex=&quot;0&quot;&gt;...&lt;/button&gt; is not clickable at point (1284, 27). Other element would receive the click: &lt;div _ngcontent-dnb-c31=&quot;&quot; class=&quot;ngx-spinner-overlay ng-tns-c31-1 ng-trigger ng-trigger-fadeIn ng-star-inserted ng-animating&quot; style=&quot;background-color: rgba(51, 51, 51, 0.8); z-index: 99999; position: fixed;&quot;&gt;...&lt;/div&gt;&#10;  (Session info: chrome=133.0.6943.143)&#10;Build info: version: &apos;4.27.0&apos;, revision: &apos;d6e718d134&apos;&#10;System info: os.name: &apos;Windows 11&apos;, os.arch: &apos;amd64&apos;, os.version: &apos;10.0&apos;, java.version: &apos;21.0.6&apos;&#10;Driver info: org.openqa.selenium.chrome.ChromeDriver&#10;Command: [abf65845a672cb3942abb8822cc12016, clickElement {id=f.E99E6C520BF889480BD616CE31ADD9B5.d.99849C4543F860E126E020B57E2385D0.e.90}]&#10;Capabilities {acceptInsecureCerts: false, browserName: chrome, browserVersion: 133.0.6943.143, chrome: {chromedriverVersion: 133.0.6943.141 (2a5d6da0d61..., userDataDir: C:\Users\supri\AppData\Loca...}, fedcm:accounts: true, goog:chromeOptions: {debuggerAddress: localhost:55780}, networkConnectionEnabled: false, pageLoadStrategy: normal, platformName: windows, proxy: Proxy(), se:cdp: ws://localhost:55780/devtoo..., se:cdpVersion: 133.0.6943.143, setWindowRect: true, strictFileInteractability: false, timeouts: {implicit: 0, pageLoad: 300000, script: 30000}, unhandledPromptBehavior: dismiss and notify, webauthn:extension:credBlob: true, webauthn:extension:largeBlob: true, webauthn:extension:minPinLength: true, webauthn:extension:prf: true, webauthn:virtualAuthenticators: true}&#10;Element: [[ChromeDriver: chrome on windows (abf65845a672cb3942abb8822cc12016)] -&gt; css selector: button[routerlink*=&apos;cart&apos;]]&#10;Session ID: abf65845a672cb3942abb8822cc12016"/>
  </testcase>
  <testcase name="submitOrder[{password=Welcome1@, product=ZARA COAT 3, email=supriya@test1.com}](2)" classname="test.SubmitOrderTest" time="2.923">
    <failure message="element click intercepted: Element &lt;button _ngcontent-gvj-c33=&quot;&quot; routerlink=&quot;/dashboard/cart&quot; class=&quot;btn btn-custom&quot; style=&quot;margin-top: -10px;&quot; tabindex=&quot;0&quot;&gt;...&lt;/button&gt; is not clickable at point (1280, 27). Other element would receive the click: &lt;div _ngcontent-gvj-c31=&quot;&quot; class=&quot;ngx-spinner-overlay ng-tns-c31-1 ng-trigger ng-trigger-fadeIn ng-star-inserted ng-animating&quot; style=&quot;background-color: rgba(51, 51, 51, 0.8); z-index: 99999; position: fixed;&quot;&gt;...&lt;/div&gt;&#10;  (Session info: chrome=133.0.6943.143)&#10;Build info: version: &apos;4.27.0&apos;, revision: &apos;d6e718d134&apos;&#10;System info: os.name: &apos;Windows 11&apos;, os.arch: &apos;amd64&apos;, os.version: &apos;10.0&apos;, java.version: &apos;21.0.6&apos;&#10;Driver info: org.openqa.selenium.chrome.ChromeDriver&#10;Command: [8f08efb52650afc4be7693dad3a4a4b3, clickElement {id=f.0DA9A54D2C6C62F759CDB6B477E9405C.d.76705B7F6CA1C17A9C2DF08B9A8CFEEF.e.89}]&#10;Capabilities {acceptInsecureCerts: false, browserName: chrome, browserVersion: 133.0.6943.143, chrome: {chromedriverVersion: 133.0.6943.141 (2a5d6da0d61..., userDataDir: C:\Users\supri\AppData\Loca...}, fedcm:accounts: true, goog:chromeOptions: {debuggerAddress: localhost:55852}, networkConnectionEnabled: false, pageLoadStrategy: normal, platformName: windows, proxy: Proxy(), se:cdp: ws://localhost:55852/devtoo..., se:cdpVersion: 133.0.6943.143, setWindowRect: true, strictFileInteractability: false, timeouts: {implicit: 0, pageLoad: 300000, script: 30000}, unhandledPromptBehavior: dismiss and notify, webauthn:extension:credBlob: true, webauthn:extension:largeBlob: true, webauthn:extension:minPinLength: true, webauthn:extension:prf: true, webauthn:virtualAuthenticators: true}&#10;Element: [[ChromeDriver: chrome on windows (8f08efb52650afc4be7693dad3a4a4b3)] -&gt; css selector: button[routerlink*=&apos;cart&apos;]]&#10;Session ID: 8f08efb52650afc4be7693dad3a4a4b3" type="org.openqa.selenium.ElementClickInterceptedException"><![CDATA[org.openqa.selenium.ElementClickInterceptedException: 
element click intercepted: Element <button _ngcontent-gvj-c33="" routerlink="/dashboard/cart" class="btn btn-custom" style="margin-top: -10px;" tabindex="0">...</button> is not clickable at point (1280, 27). Other element would receive the click: <div _ngcontent-gvj-c31="" class="ngx-spinner-overlay ng-tns-c31-1 ng-trigger ng-trigger-fadeIn ng-star-inserted ng-animating" style="background-color: rgba(51, 51, 51, 0.8); z-index: 99999; position: fixed;">...</div>
  (Session info: chrome=133.0.6943.143)
Build info: version: '4.27.0', revision: 'd6e718d134'
System info: os.name: 'Windows 11', os.arch: 'amd64', os.version: '10.0', java.version: '21.0.6'
Driver info: org.openqa.selenium.chrome.ChromeDriver
Command: [8f08efb52650afc4be7693dad3a4a4b3, clickElement {id=f.0DA9A54D2C6C62F759CDB6B477E9405C.d.76705B7F6CA1C17A9C2DF08B9A8CFEEF.e.89}]
Capabilities {acceptInsecureCerts: false, browserName: chrome, browserVersion: 133.0.6943.143, chrome: {chromedriverVersion: 133.0.6943.141 (2a5d6da0d61..., userDataDir: C:\Users\supri\AppData\Loca...}, fedcm:accounts: true, goog:chromeOptions: {debuggerAddress: localhost:55852}, networkConnectionEnabled: false, pageLoadStrategy: normal, platformName: windows, proxy: Proxy(), se:cdp: ws://localhost:55852/devtoo..., se:cdpVersion: 133.0.6943.143, setWindowRect: true, strictFileInteractability: false, timeouts: {implicit: 0, pageLoad: 300000, script: 30000}, unhandledPromptBehavior: dismiss and notify, webauthn:extension:credBlob: true, webauthn:extension:largeBlob: true, webauthn:extension:minPinLength: true, webauthn:extension:prf: true, webauthn:virtualAuthenticators: true}
Element: [[ChromeDriver: chrome on windows (8f08efb52650afc4be7693dad3a4a4b3)] -> css selector: button[routerlink*='cart']]
Session ID: 8f08efb52650afc4be7693dad3a4a4b3
	at java.base/jdk.internal.reflect.DirectConstructorHandleAccessor.newInstance(DirectConstructorHandleAccessor.java:62)
	at java.base/java.lang.reflect.Constructor.newInstanceWithCaller(Constructor.java:502)
	at java.base/java.lang.reflect.Constructor.newInstance(Constructor.java:486)
	at org.openqa.selenium.remote.ErrorCodec.decode(ErrorCodec.java:167)
	at org.openqa.selenium.remote.codec.w3c.W3CHttpResponseCodec.decode(W3CHttpResponseCodec.java:138)
	at org.openqa.selenium.remote.codec.w3c.W3CHttpResponseCodec.decode(W3CHttpResponseCodec.java:50)
	at org.openqa.selenium.remote.HttpCommandExecutor.execute(HttpCommandExecutor.java:190)
	at org.openqa.selenium.remote.service.DriverCommandExecutor.invokeExecute(DriverCommandExecutor.java:216)
	at org.openqa.selenium.remote.service.DriverCommandExecutor.execute(DriverCommandExecutor.java:174)
	at org.openqa.selenium.remote.RemoteWebDriver.execute(RemoteWebDriver.java:545)
	at org.openqa.selenium.remote.RemoteWebElement.execute(RemoteWebElement.java:223)
	at org.openqa.selenium.remote.RemoteWebElement.click(RemoteWebElement.java:76)
	at java.base/jdk.internal.reflect.DirectMethodHandleAccessor.invoke(DirectMethodHandleAccessor.java:103)
	at java.base/java.lang.reflect.Method.invoke(Method.java:580)
	at org.openqa.selenium.support.pagefactory.internal.LocatingElementHandler.invoke(LocatingElementHandler.java:51)
	at jdk.proxy2/jdk.proxy2.$Proxy13.click(Unknown Source)
	at abstractComponents.AbstractComponents.clickCart(AbstractComponents.java:52)
	at test.SubmitOrderTest.submitOrder(SubmitOrderTest.java:44)
	at java.base/jdk.internal.reflect.DirectMethodHandleAccessor.invoke(DirectMethodHandleAccessor.java:103)
	at java.base/java.lang.reflect.Method.invoke(Method.java:580)
	at org.testng.internal.invokers.MethodInvocationHelper.invokeMethod(MethodInvocationHelper.java:141)
	at org.testng.internal.invokers.TestInvoker.invokeMethod(TestInvoker.java:686)
	at org.testng.internal.invokers.TestInvoker.retryFailed(TestInvoker.java:269)
	at org.testng.internal.invokers.MethodRunner.runInSequence(MethodRunner.java:76)
	at org.testng.internal.invokers.TestInvoker$MethodInvocationAgent.invoke(TestInvoker.java:992)
	at org.testng.internal.invokers.TestInvoker.invokeTestMethods(TestInvoker.java:203)
	at org.testng.internal.invokers.TestMethodWorker.invokeTestMethods(TestMethodWorker.java:154)
	at org.testng.internal.invokers.TestMethodWorker.run(TestMethodWorker.java:134)
	at java.base/java.util.ArrayList.forEach(ArrayList.java:1596)
	at org.testng.TestRunner.privateRun(TestRunner.java:739)
	at org.testng.TestRunner.run(TestRunner.java:614)
	at org.testng.SuiteRunner.runTest(SuiteRunner.java:421)
	at org.testng.SuiteRunner$SuiteWorker.run(SuiteRunner.java:463)
	at org.testng.internal.thread.ThreadUtil.lambda$execute$0(ThreadUtil.java:64)
	at java.base/java.util.concurrent.FutureTask.run(FutureTask.java:317)
	at java.base/java.util.concurrent.ThreadPoolExecutor.runWorker(ThreadPoolExecutor.java:1144)
	at java.base/java.util.concurrent.ThreadPoolExecutor$Worker.run(ThreadPoolExecutor.java:642)
	at java.base/java.lang.Thread.run(Thread.java:1583)
]]></failure>
    <system-err><![CDATA[Mar 11, 2025 4:12:16 PM org.openqa.selenium.devtools.CdpVersionFinder findNearestMatch
WARNING: Unable to find an exact match for CDP version 133, returning the closest version; found: 131; Please update to a Selenium version that supports CDP version 133
Mar 11, 2025 4:12:17 PM org.openqa.selenium.devtools.CdpVersionFinder findNearestMatch
WARNING: Unable to find an exact match for CDP version 133, returning the closest version; found: 131; Please update to a Selenium version that supports CDP version 133
]]></system-err>
  </testcase>
  <testcase name="submitOrder[{password=Welcome1@, product=ADIDAS ORIGINAL, email=supriya@test1.com}](3)" classname="test.SubmitOrderTest" time="3.401">
    <system-err><![CDATA[Mar 11, 2025 4:12:29 PM org.openqa.selenium.devtools.CdpVersionFinder findNearestMatch
WARNING: Unable to find an exact match for CDP version 133, returning the closest version; found: 131; Please update to a Selenium version that supports CDP version 133
]]></system-err>
  </testcase>
  <testcase name="verifyOrderHistory" classname="test.SubmitOrderTest" time="0.799">
    <system-err><![CDATA[Mar 11, 2025 4:12:42 PM org.openqa.selenium.devtools.CdpVersionFinder findNearestMatch
WARNING: Unable to find an exact match for CDP version 133, returning the closest version; found: 131; Please update to a Selenium version that supports CDP version 133
]]></system-err>
  </testcase>
</testsuite>